mode: set
cre-rebalance/apy-impact-calculator/internal/aaveV3/bindings.go:15.111,16.32 1 1
cre-rebalance/apy-impact-calculator/internal/aaveV3/bindings.go:16.32,18.3 1 1
cre-rebalance/apy-impact-calculator/internal/aaveV3/bindings.go:19.2,25.3 2 1
cre-rebalance/apy-impact-calculator/internal/aaveV3/bindings.go:28.89,30.2 1 1
cre-rebalance/apy-impact-calculator/internal/aaveV3/bindings.go:34.117,35.32 1 1
cre-rebalance/apy-impact-calculator/internal/aaveV3/bindings.go:35.32,37.3 1 1
cre-rebalance/apy-impact-calculator/internal/aaveV3/bindings.go:38.2,44.3 2 1
cre-rebalance/apy-impact-calculator/internal/aaveV3/bindings.go:49.141,50.32 1 1
cre-rebalance/apy-impact-calculator/internal/aaveV3/bindings.go:50.32,52.3 1 1
cre-rebalance/apy-impact-calculator/internal/aaveV3/bindings.go:53.2,59.3 2 1
