mode: set
cre-rebalance/cre-rebalance-workflow/internal/offchain/defillama.go:18.80,27.16 5 1
cre-rebalance/cre-rebalance-workflow/internal/offchain/defillama.go:27.16,29.3 1 1
cre-rebalance/cre-rebalance-workflow/internal/offchain/defillama.go:32.2,33.26 2 1
cre-rebalance/cre-rebalance-workflow/internal/offchain/defillama.go:38.119,48.16 3 1
cre-rebalance/cre-rebalance-workflow/internal/offchain/defillama.go:48.16,50.3 1 1
cre-rebalance/cre-rebalance-workflow/internal/offchain/defillama.go:51.2,51.33 1 1
cre-rebalance/cre-rebalance-workflow/internal/offchain/defillama.go:51.33,53.3 1 1
cre-rebalance/cre-rebalance-workflow/internal/offchain/defillama.go:57.2,61.33 3 1
cre-rebalance/cre-rebalance-workflow/internal/offchain/defillama.go:61.33,62.95 1 1
cre-rebalance/cre-rebalance-workflow/internal/offchain/defillama.go:62.95,64.9 2 1
cre-rebalance/cre-rebalance-workflow/internal/offchain/defillama.go:69.2,69.15 1 1
cre-rebalance/cre-rebalance-workflow/internal/offchain/defillama.go:69.15,71.17 2 1
cre-rebalance/cre-rebalance-workflow/internal/offchain/defillama.go:71.17,73.4 1 1
cre-rebalance/cre-rebalance-workflow/internal/offchain/defillama.go:74.3,75.14 2 1
cre-rebalance/cre-rebalance-workflow/internal/offchain/defillama.go:79.2,83.6 3 1
cre-rebalance/cre-rebalance-workflow/internal/offchain/defillama.go:83.6,85.20 2 1
cre-rebalance/cre-rebalance-workflow/internal/offchain/defillama.go:85.20,86.9 1 1
cre-rebalance/cre-rebalance-workflow/internal/offchain/defillama.go:88.3,88.17 1 1
cre-rebalance/cre-rebalance-workflow/internal/offchain/defillama.go:88.17,90.4 1 1
cre-rebalance/cre-rebalance-workflow/internal/offchain/defillama.go:93.3,93.49 1 1
cre-rebalance/cre-rebalance-workflow/internal/offchain/defillama.go:93.49,95.9 2 1
cre-rebalance/cre-rebalance-workflow/internal/offchain/defillama.go:99.2,99.16 1 1
cre-rebalance/cre-rebalance-workflow/internal/offchain/defillama.go:99.16,101.3 1 1
cre-rebalance/cre-rebalance-workflow/internal/offchain/defillama.go:104.2,105.16 2 1
cre-rebalance/cre-rebalance-workflow/internal/offchain/defillama.go:105.16,107.3 1 1
cre-rebalance/cre-rebalance-workflow/internal/offchain/defillama.go:108.2,108.54 1 1
cre-rebalance/cre-rebalance-workflow/internal/offchain/defillama.go:108.54,110.3 1 1
cre-rebalance/cre-rebalance-workflow/internal/offchain/defillama.go:113.2,116.21 3 1
cre-rebalance/cre-rebalance-workflow/internal/offchain/defillama.go:116.21,118.44 2 1
cre-rebalance/cre-rebalance-workflow/internal/offchain/defillama.go:118.44,120.4 1 1
cre-rebalance/cre-rebalance-workflow/internal/offchain/defillama.go:123.3,126.19 1 1
cre-rebalance/cre-rebalance-workflow/internal/offchain/defillama.go:126.19,131.4 3 1
cre-rebalance/cre-rebalance-workflow/internal/offchain/defillama.go:135.2,135.25 1 1
cre-rebalance/cre-rebalance-workflow/internal/offchain/defillama.go:135.25,137.3 1 1
cre-rebalance/cre-rebalance-workflow/internal/offchain/defillama.go:140.2,140.26 1 1
cre-rebalance/cre-rebalance-workflow/internal/offchain/optimal.go:13.96,16.16 2 1
cre-rebalance/cre-rebalance-workflow/internal/offchain/optimal.go:16.16,18.3 1 1
cre-rebalance/cre-rebalance-workflow/internal/offchain/optimal.go:21.2,26.16 5 1
cre-rebalance/cre-rebalance-workflow/internal/offchain/optimal.go:26.16,29.3 1 1
cre-rebalance/cre-rebalance-workflow/internal/offchain/optimal.go:32.2,35.8 1 1
cre-rebalance/cre-rebalance-workflow/internal/offchain/optimal.go:40.67,41.19 1 1
cre-rebalance/cre-rebalance-workflow/internal/offchain/optimal.go:42.18,43.34 1 1
cre-rebalance/cre-rebalance-workflow/internal/offchain/optimal.go:44.14,45.35 1 1
cre-rebalance/cre-rebalance-workflow/internal/offchain/optimal.go:46.18,47.34 1 1
cre-rebalance/cre-rebalance-workflow/internal/offchain/optimal.go:48.18,49.34 1 1
cre-rebalance/cre-rebalance-workflow/internal/offchain/optimal.go:50.10,51.70 1 1
