mode: set
cre-rebalance/cre-rebalance-workflow/internal/strategy/optimizer.go:19.20,43.2 7 1
cre-rebalance/cre-rebalance-workflow/internal/strategy/rebalance.go:15.28,16.24 1 1
cre-rebalance/cre-rebalance-workflow/internal/strategy/rebalance.go:16.24,23.3 2 1
cre-rebalance/cre-rebalance-workflow/internal/strategy/rebalance.go:27.2,36.41 2 1
cre-rebalance/cre-rebalance-workflow/internal/strategy/rebalance.go:36.41,38.3 1 1
cre-rebalance/cre-rebalance-workflow/internal/strategy/rebalance.go:40.2,44.8 1 1
cre-rebalance/cre-rebalance-workflow/internal/strategy/optimizer.go:19.20,43.2 7 1
cre-rebalance/cre-rebalance-workflow/internal/strategy/rebalance.go:15.28,16.24 1 1
cre-rebalance/cre-rebalance-workflow/internal/strategy/rebalance.go:16.24,23.3 2 1
cre-rebalance/cre-rebalance-workflow/internal/strategy/rebalance.go:27.2,36.41 2 1
cre-rebalance/cre-rebalance-workflow/internal/strategy/rebalance.go:36.41,38.3 1 1
cre-rebalance/cre-rebalance-workflow/internal/strategy/rebalance.go:40.2,44.8 1 1
cre-rebalance/cre-rebalance-workflow/internal/strategy/optimizer.go:19.20,43.2 7 1
cre-rebalance/cre-rebalance-workflow/internal/strategy/rebalance.go:15.28,16.24 1 1
cre-rebalance/cre-rebalance-workflow/internal/strategy/rebalance.go:16.24,23.3 2 1
cre-rebalance/cre-rebalance-workflow/internal/strategy/rebalance.go:27.2,36.41 2 1
cre-rebalance/cre-rebalance-workflow/internal/strategy/rebalance.go:36.41,38.3 1 1
cre-rebalance/cre-rebalance-workflow/internal/strategy/rebalance.go:40.2,44.8 1 1
